2026-04-26 16:24:22,956 [INFO] Запуск: 1 x png (10.0MB)
2026-04-26 16:24:22,969 [INFO] Завершено: 1 файлов создано в P:\qa_helper_pro\generated_files
2026-04-26 16:24:38,241 [INFO] Заметки обновлены и сохранены
2026-04-26 16:27:04,691 [INFO] Integrity: Выбран файл Текстовый%20документ%20OpenDocument.odt_0.odt
2026-04-26 16:27:05,512 [INFO] Integrity: Ошибка — файл не найден
2026-04-26 16:27:11,808 [INFO] Integrity: Выбран файл Текстовый%20документ%20OpenDocument.odt_0.odt
2026-04-26 16:27:13,235 [INFO] Integrity: Ошибка — файл не найден
2026-04-26 16:27:19,199 [INFO] Заметки обновлены и сохранены
2026-04-26 16:27:39,372 [INFO] Integrity: Расчет sha256 для Текстовый%20документ%20OpenDocument.odt_0.odt
2026-04-26 16:27:39,387 [INFO] Integrity: Хеш готов (853109e2a5...)
2026-04-26 16:27:43,755 [INFO] Integrity: Выбран файл Юрченко%20Данил%20Михайлович.doc_0.odt
2026-04-26 16:27:45,098 [INFO] Integrity: Расчет sha256 для Текстовый%20документ%20OpenDocument.odt_0.odt
2026-04-26 16:27:45,113 [INFO] Integrity: Хеш готов (853109e2a5...)
2026-04-26 16:27:45,193 [INFO] Integrity: Расчет sha256 для Текстовый%20документ%20OpenDocument.odt_0.odt
2026-04-26 16:27:45,216 [INFO] Integrity: Хеш готов (853109e2a5...)
2026-04-26 16:27:58,867 [INFO] Integrity: Выбран файл 81410eea9e705db7a35525150109867c.jpg
2026-04-26 16:28:00,292 [INFO] Integrity: Расчет sha256 для Текстовый%20документ%20OpenDocument.odt_0.odt
2026-04-26 16:28:00,306 [INFO] Integrity: Хеш готов (853109e2a5...)
2026-04-26 16:28:00,383 [INFO] Integrity: Расчет sha256 для Текстовый%20документ%20OpenDocument.odt_0.odt
2026-04-26 16:28:00,403 [INFO] Integrity: Хеш готов (853109e2a5...)
2026-04-26 16:28:20,028 [INFO] Эталон загружен из буфера
2026-04-26 16:28:21,815 [INFO] Эталон загружен из буфера
2026-04-26 16:28:23,665 [INFO] Эталон загружен из буфера
2026-04-26 16:28:24,330 [INFO] Эталон загружен из буфера
2026-04-26 16:31:00,609 [INFO] Визуал: Эталон загружен из буфера
2026-04-26 16:31:02,014 [INFO] Визуал: Текущий загружен из буфера
2026-04-26 16:31:03,751 [INFO] Визуал: Сравнение завершено (100.0%)
2026-04-26 16:31:11,784 [INFO] Визуал: Текущий загружен из буфера
2026-04-26 16:31:13,963 [INFO] Визуал: Сравнение завершено (55.52%)
2026-04-26 16:31:41,299 [INFO] Визуал: Текущий загружен из буфера
2026-04-26 16:31:43,826 [INFO] Визуал: Сравнение завершено (0.74%)
2026-04-26 16:32:44,382 [INFO] Визуал: Сравнение завершено (67.52%)
2026-04-26 16:32:44,482 [INFO] Визуал: Сравнение завершено (67.52%)
2026-04-26 16:35:05,514 [INFO] Заметки: Создан новый файл 123.txt
2026-04-26 16:35:10,396 [INFO] Заметки: Удален файл 123.txt
2026-04-26 16:35:31,559 [INFO] Заметки: Создан новый файл 123.txt
2026-04-26 16:36:52,111 [INFO] Заметки: Создан файл 23.txt
2026-04-26 16:37:09,525 [INFO] Заметки: Удален 23.txt
2026-04-26 16:37:11,485 [INFO] Заметки: Удален 123.txt
2026-04-26 16:39:45,074 [INFO] Заметки: Конфигурация шаблонов обновлена
2026-04-26 16:39:52,972 [INFO] Заметки: Конфигурация шаблонов обновлена
2026-04-26 16:40:34,777 [INFO] Заметки: Конфигурация шаблонов обновлена
2026-04-26 17:37:43,545 [INFO] JSON Lab: Текст отформатирован
2026-04-26 17:38:30,482 [INFO] JSON Lab ERROR: Невалидный JSON
2026-04-26 17:38:36,968 [INFO] JSON Lab ERROR: Невалидный JSON
2026-04-26 17:39:28,633 [INFO] JSON Lab ERROR: Ошибка валидации
2026-04-26 17:43:26,702 [INFO] JSON Lab: Использован Auto-fix
2026-04-26 17:43:31,449 [INFO] JSON Lab: Использован Auto-fix
2026-04-26 17:43:40,617 [INFO] JSON Lab: Использован Auto-fix
2026-04-26 17:43:46,400 [INFO] JSON Lab: Использован Auto-fix
2026-04-26 17:43:56,116 [INFO] JSON Lab: Использован Auto-fix
2026-04-26 17:44:53,087 [INFO] JSON Lab: Текст исправлен и обновлен
2026-04-26 17:46:35,647 [INFO] Cleaner: Удалено 5 файлов
2026-04-26 17:48:08,416 [INFO] Визуал: Сравнение завершено (67.52%)
2026-04-26 17:49:01,496 [INFO] JSON Lab: Текст исправлен и обновлен
2026-04-26 17:49:01,587 [INFO] JSON Lab: Текст исправлен и обновлен
2026-04-26 17:53:57,647 [INFO] Diff Lab: Сравнение данных выполнено
2026-04-26 17:53:57,737 [INFO] Diff Lab: Сравнение данных выполнено
2026-04-26 17:54:07,852 [INFO] Diff Lab: Сравнение данных выполнено
2026-04-26 17:54:14,968 [INFO] Diff Lab: Сравнение данных выполнено
2026-04-26 17:54:17,689 [INFO] Diff Lab: Сравнение данных выполнено
2026-04-26 17:55:45,005 [INFO] Diff Lab: Проведен глубокий анализ различий
2026-04-26 17:55:45,070 [INFO] Diff Lab: Проведен глубокий анализ различий
2026-04-26 17:56:15,955 [INFO] Diff Lab: Проведен глубокий анализ различий
2026-04-26 18:01:06,060 [INFO] Replicator: Клонирование C:/Users/Yurched/Desktop/81410eea9e705db7a35525150109867c — копия.jpg -> 10 шт.
2026-04-26 18:01:06,088 [INFO] Replicator: Завершено успешно
2026-04-26 18:01:06,195 [INFO] Replicator: Клонирование C:/Users/Yurched/Desktop/81410eea9e705db7a35525150109867c — копия.jpg -> 10 шт.
2026-04-26 18:01:06,221 [INFO] Replicator: Завершено успешно
2026-04-26 19:54:32,332 [INFO] CRITICAL ERROR: No generator object has attribute 'color_hex'
2026-04-26 19:55:21,843 [INFO] DataGen: Успешно создано 10 записей
2026-04-26 19:55:22,489 [INFO] DataGen: Успешно создано 10 записей
2026-04-26 19:55:29,002 [INFO] DataGen: Успешно создано 10 записей
2026-04-26 19:55:32,472 [INFO] DataGen: Успешно создано 10 записей
2026-04-26 19:55:36,723 [INFO] DataGen: Успешно создано 10 записей
2026-04-26 20:39:09,594 [INFO] VisualDiff: Сравнение скриншотов (482, 135)
2026-04-26 20:39:13,299 [INFO] VisualDiff: Сравнение скриншотов (482, 135)
2026-04-26 20:39:14,605 [INFO] VisualDiff: Сравнение скриншотов (482, 135)
2026-04-26 20:39:16,792 [INFO] VisualDiff: Сравнение скриншотов (482, 135)
2026-04-26 20:39:20,856 [INFO] VisualDiff: Сравнение скриншотов (482, 135)
2026-04-26 21:07:53,967 [INFO] Moved to: 🏠 Главная
2026-04-26 21:08:05,702 [INFO] Moved to: 📊 Матрица тестов
2026-04-26 21:08:07,317 [INFO] Moved to: 👁️ Pixel Perfect
2026-04-26 21:08:08,434 [INFO] Moved to: 📁 Файловый цех
2026-04-26 21:08:10,203 [INFO] Moved to: 🧪 Генератор данных
2026-04-26 21:08:11,363 [INFO] Moved to: 🧠 Тест-дизайн
2026-04-26 21:08:12,554 [INFO] Moved to: 📦 JSON Lab
2026-04-26 21:08:13,532 [INFO] Moved to: ℹ️ О программе
2026-04-26 21:08:50,469 [INFO] Moved to: 📁 Файловый цех
2026-04-26 21:08:51,649 [INFO] Moved to: 👁️ Pixel Perfect
2026-04-26 21:08:53,582 [INFO] Moved to: 🧪 Генератор данных
2026-04-26 21:08:54,545 [INFO] Moved to: 🧠 Тест-дизайн
2026-04-26 21:08:55,380 [INFO] Moved to: 📦 JSON Lab
2026-04-26 21:08:56,403 [INFO] Moved to: 📊 Матрица тестов
2026-04-26 21:08:56,978 [INFO] Moved to: 🏠 Главная
2026-04-26 21:09:49,907 [INFO] Switch to: 🏠 Главная
2026-04-26 21:09:58,299 [INFO] Switch to: 🏠 Dashboard
2026-04-26 21:10:01,750 [INFO] Switch to: 🏠 Главная
2026-04-26 21:10:05,415 [INFO] Switch to: 🏠 Dashboard
2026-04-26 21:10:10,554 [INFO] Switch to: 🏠 Главная
2026-04-26 21:10:26,732 [INFO] Switch to: ℹ️ О программе
2026-04-26 21:10:30,475 [INFO] Switch to: 🏠 Главная
2026-04-26 21:10:34,793 [INFO] Switch to: ℹ️ О программе
2026-04-26 21:10:53,685 [INFO] Switch to: 🏠 Главная
