INFO:utils.file_content:Загружен шаблон для 'apng'
INFO:utils.file_content:Загружен шаблон для 'avif'
INFO:utils.file_content:Загружен шаблон для 'bmp'
INFO:utils.file_content:Загружен шаблон для 'doc'
INFO:utils.file_content:Загружен шаблон для 'drawio'
INFO:utils.file_content:Загружен шаблон для 'flac'
INFO:utils.file_content:Загружен шаблон для 'gif'
INFO:utils.file_content:Загружен шаблон для 'glb'
INFO:utils.file_content:Загружен шаблон для 'gltf'
INFO:utils.file_content:Загружен шаблон для 'html'
INFO:utils.file_content:Загружен шаблон для 'ifc'
INFO:utils.file_content:Загружен шаблон для 'java'
INFO:utils.file_content:Загружен шаблон для 'jpg'
INFO:utils.file_content:Загружен шаблон для 'm4a'
INFO:utils.file_content:Загружен шаблон для 'mkv'
INFO:utils.file_content:Загружен шаблон для 'mov'
INFO:utils.file_content:Загружен шаблон для 'mp3'
INFO:utils.file_content:Загружен шаблон для 'mp4'
INFO:utils.file_content:Загружен шаблон для 'ogg'
INFO:utils.file_content:Загружен шаблон для 'pdf'
INFO:utils.file_content:Загружен шаблон для 'png'
INFO:utils.file_content:Загружен шаблон для 'svg'
INFO:utils.file_content:Загружен шаблон для 'wav'
INFO:utils.file_content:Загружен шаблон для 'webp'
INFO:utils.file_content:Загружен шаблон для 'xml'
INFO:utils.file_content:Загружен шаблон для 'zip'
